<?xml version="1.0" encoding="UTF-8"?>
<testng-results ignored="0" total="1" passed="1" failed="0" skipped="0">
  <reporter-output>
  </reporter-output>
  <suite started-at="2024-03-08T09:19:06 IST" name="Default suite" finished-at="2024-03-08T09:19:39 IST" duration-ms="32447">
    <groups>
    </groups>
    <test started-at="2024-03-08T09:19:06 IST" name="Default test" finished-at="2024-03-08T09:19:39 IST" duration-ms="32447">
      <class name="fjportal.AddExistingDBA">
        <test-method signature="AddDBA()[pri:0, instance:fjportal.AddExistingDBA@e84a8e1]" started-at="2024-03-08T09:19:07 IST" name="AddDBA" finished-at="2024-03-08T09:19:39 IST" duration-ms="32332" status="PASS">
          <reporter-output>
          </reporter-output>
        </test-method> <!-- AddDBA -->
      </class> <!-- fjportal.AddExistingDBA -->
    </test> <!-- Default test -->
  </suite> <!-- Default suite -->
</testng-results>
